=== Лог очистки от 18.08.2025 16:07:59 ===
[18.08.2025 16:07:59] === Удаление по маске имени ===
[18.08.2025 16:08:14] Удален файл: /home/user3/aaazz_180825/aaaaaz_180825.az
[18.08.2025 16:08:14] Удален файл: /home/user3/aaazz_180825/azzzz_180825.az
[18.08.2025 16:08:14] Удален файл: /home/user3/aaazz_180825/aaazzz_180825.az
[18.08.2025 16:08:14] Удален файл: /home/user3/aaazz_180825/aaaazz_180825.az
[18.08.2025 16:08:14] Удален файл: /home/user3/aaazz_180825/aazzzzz_180825.az
[18.08.2025 16:08:14] Удален файл: /home/user3/aaazz_180825/aazzz_180825.az
[18.08.2025 16:08:14] Удален файл: /home/user3/aaazz_180825/aaazz_180825.az
[18.08.2025 16:08:14] Удален файл: /home/user3/aaazz_180825/aaaaaaz_180825.az
[18.08.2025 16:08:14] Удален файл: /home/user3/aaazz_180825/aaaaz_180825.az
[18.08.2025 16:08:14] Удален файл: /home/user3/aaazz_180825/aaaazzz_180825.az
[18.08.2025 16:08:14] Удален файл: /home/user3/aaazz_180825/aaaaazz_180825.az
[18.08.2025 16:08:14] Удален файл: /home/user3/aaazz_180825/aaazzzz_180825.az
[18.08.2025 16:08:14] Удален файл: /home/user3/aaazz_180825/aazzzz_180825.az
[18.08.2025 16:08:14] Удален файл: /home/user3/aaazz_180825/azzzzz_180825.az
[18.08.2025 16:08:14] Удален файл: /home/user3/aaaaaz_180825/azzzz_180825.az
[18.08.2025 16:08:14] Удален файл: /home/user3/aaaaaz_180825/aaazzz_180825.az
[18.08.2025 16:08:14] Удален файл: /home/user3/aaaaaz_180825/aaaazz_180825.az
[18.08.2025 16:08:14] Удален файл: /home/user3/aaaaaz_180825/aazzzzz_180825.az
[18.08.2025 16:08:14] Удален файл: /home/user3/aaaaaz_180825/aazzz_180825.az
[18.08.2025 16:08:14] Удален файл: /home/user3/aaaaaz_180825/aaazz_180825.az
[18.08.2025 16:08:14] Удален файл: /home/user3/aaaaaz_180825/aaaaaaz_180825.az
[18.08.2025 16:08:14] Удален файл: /home/user3/aaaaaz_180825/aaaaz_180825.az
[18.08.2025 16:08:14] Удален файл: /home/user3/aaaaaz_180825/aaaazzz_180825.az
[18.08.2025 16:08:14] Удален файл: /home/user3/aaaaaz_180825/aaaaazz_180825.az
[18.08.2025 16:08:14] Удален файл: /home/user3/aaaaaz_180825/aaazzzz_180825.az
[18.08.2025 16:08:14] Удален файл: /home/user3/aaaaaz_180825/aazzzz_180825.az
[18.08.2025 16:08:14] Удален файл: /home/user3/aaaazzz_180825/aaaaaz_180825.az
[18.08.2025 16:08:14] Удален файл: /home/user3/aaaazzz_180825/aaaazz_180825.az
[18.08.2025 16:08:14] Удален файл: /home/user3/aaaazzz_180825/aazzzzz_180825.az
[18.08.2025 16:08:14] Удален файл: /home/user3/aaaazzz_180825/aazzz_180825.az
[18.08.2025 16:08:14] Удален файл: /home/user3/aaaazzz_180825/aaazz_180825.az
[18.08.2025 16:08:14] Удален файл: /home/user3/aaaazzz_180825/azzzzzz_180825.az
[18.08.2025 16:08:14] Удален файл: /home/user3/aaaazzz_180825/aaaaaaz_180825.az
[18.08.2025 16:08:14] Удален файл: /home/user3/aaaazzz_180825/aaaaz_180825.az
[18.08.2025 16:08:14] Удален файл: /home/user3/aaaazzz_180825/aaaazzz_180825.az
[18.08.2025 16:08:14] Удален файл: /home/user3/aaaazzz_180825/aaaaazz_180825.az
[18.08.2025 16:08:14] Удален файл: /home/user3/aaaazzz_180825/aazzzz_180825.az
[18.08.2025 16:08:14] Удален файл: /home/user3/aaaazzz_180825/azzzzz_180825.az
[18.08.2025 16:08:14] Удален файл: /home/user3/aaazzz_180825/aaazzz_180825.az
[18.08.2025 16:08:14] Удален файл: /home/user3/aaazzz_180825/aazzz_180825.az
[18.08.2025 16:08:14] Удален файл: /home/user3/aaazzz_180825/aaaaaaz_180825.az
[18.08.2025 16:08:14] Удален файл: /home/user3/aaazzz_180825/aaazzzz_180825.az
[18.08.2025 16:08:14] Удален файл: /home/user3/aaazzz_180825/aazzzz_180825.az
[18.08.2025 16:08:14] Удален файл: /home/user3/aaaaazz_180825/aaaaaz_180825.az
[18.08.2025 16:08:14] Удален файл: /home/user3/aaaaazz_180825/azzzz_180825.az
[18.08.2025 16:08:14] Удален файл: /home/user3/aaaaazz_180825/azzzzzz_180825.az
[18.08.2025 16:08:14] Удален файл: /home/user3/aaaaazz_180825/aaaaaaz_180825.az
[18.08.2025 16:08:14] Удален файл: /home/user3/aaaaazz_180825/aaaaz_180825.az
[18.08.2025 16:08:14] Удален файл: /home/user3/aaaaazz_180825/aaaazzz_180825.az
[18.08.2025 16:08:14] Удален файл: /home/user3/aaaaazz_180825/aaazzzz_180825.az
[18.08.2025 16:08:14] Удален файл: /home/user3/aaaaazz_180825/aazzzz_180825.az
[18.08.2025 16:08:14] Удален файл: /home/user3/aaaaazz_180825/azzzzz_180825.az
[18.08.2025 16:08:14] Удален файл: /home/user3/aaaazz_180825/aaaaaz_180825.az
[18.08.2025 16:08:14] Удален файл: /home/user3/aaaazz_180825/azzzz_180825.az
[18.08.2025 16:08:14] Удален файл: /home/user3/aaaazz_180825/aaazzz_180825.az
[18.08.2025 16:08:14] Удален файл: /home/user3/aaaazz_180825/aaaazz_180825.az
[18.08.2025 16:08:15] Удален файл: /home/user3/aaaazz_180825/aazzzzz_180825.az
[18.08.2025 16:08:15] Удален файл: /home/user3/aaaazz_180825/aazzz_180825.az
[18.08.2025 16:08:15] Удален файл: /home/user3/aaaazz_180825/azzzzzz_180825.az
[18.08.2025 16:08:15] Удален файл: /home/user3/aaaazz_180825/aaaaaaz_180825.az
[18.08.2025 16:08:15] Удален файл: /home/user3/aaaazz_180825/aaaaz_180825.az
[18.08.2025 16:08:15] Удален файл: /home/user3/aaaazz_180825/aaaazzz_180825.az
[18.08.2025 16:08:15] Удален файл: /home/user3/aaaazz_180825/aaaaazz_180825.az
[18.08.2025 16:08:15] Удален файл: /home/user3/aaaazz_180825/aaazzzz_180825.az
[18.08.2025 16:08:15] Удален файл: /home/user3/aaaazz_180825/aazzzz_180825.az
[18.08.2025 16:08:15] Удален файл: /home/user3/aaazzzz_180825/aaaaaz_180825.az
[18.08.2025 16:08:15] Удален файл: /home/user3/aaazzzz_180825/azzzz_180825.az
[18.08.2025 16:08:15] Удален файл: /home/user3/aaazzzz_180825/aaazzz_180825.az
[18.08.2025 16:08:15] Удален файл: /home/user3/aaazzzz_180825/aaaazz_180825.az
[18.08.2025 16:08:15] Удален файл: /home/user3/aaazzzz_180825/aazzz_180825.az
[18.08.2025 16:08:15] Удален файл: /home/user3/aaazzzz_180825/aaazz_180825.az
[18.08.2025 16:08:15] Удален файл: /home/user3/aaazzzz_180825/azzzzzz_180825.az
[18.08.2025 16:08:15] Удален файл: /home/user3/aaazzzz_180825/aaaaaaz_180825.az
[18.08.2025 16:08:15] Удален файл: /home/user3/aaazzzz_180825/aaaaz_180825.az
[18.08.2025 16:08:15] Удален файл: /home/user3/aaazzzz_180825/aaaazzz_180825.az
[18.08.2025 16:08:15] Удален файл: /home/user3/aaazzzz_180825/aazzzz_180825.az
[18.08.2025 16:08:15] Удален файл: /home/user3/aaazzzz_180825/azzzzz_180825.az
[18.08.2025 16:08:15] Удален файл: /home/user3/src/02/creation_180825.log
[18.08.2025 16:08:15] Удален файл: /home/user3/azzzz_180825/aaaaaz_180825.az
[18.08.2025 16:08:15] Удален файл: /home/user3/azzzz_180825/azzzz_180825.az
[18.08.2025 16:08:15] Удален файл: /home/user3/azzzz_180825/aaazzz_180825.az
[18.08.2025 16:08:15] Удален файл: /home/user3/azzzz_180825/aaaazz_180825.az
[18.08.2025 16:08:15] Удален файл: /home/user3/azzzz_180825/aazzzzz_180825.az
[18.08.2025 16:08:15] Удален файл: /home/user3/azzzz_180825/aazzz_180825.az
[18.08.2025 16:08:15] Удален файл: /home/user3/azzzz_180825/aaazz_180825.az
[18.08.2025 16:08:15] Удален файл: /home/user3/azzzz_180825/azzzzzz_180825.az
[18.08.2025 16:08:15] Удален файл: /home/user3/azzzz_180825/aaaaaaz_180825.az
[18.08.2025 16:08:15] Удален файл: /home/user3/azzzz_180825/aaaaz_180825.az
[18.08.2025 16:08:15] Удален файл: /home/user3/azzzz_180825/aaaazzz_180825.az
[18.08.2025 16:08:15] Удален файл: /home/user3/azzzz_180825/aaaaazz_180825.az
[18.08.2025 16:08:15] Удален файл: /home/user3/azzzz_180825/aazzzz_180825.az
[18.08.2025 16:08:15] Удален файл: /home/user3/azzzz_180825/azzzzz_180825.az
[18.08.2025 16:08:15] Удален файл: /home/user3/azzzzzz_180825/aaazzz_180825.az
[18.08.2025 16:08:15] Удален файл: /home/user3/azzzzzz_180825/aazzzzz_180825.az
[18.08.2025 16:08:15] Удален файл: /home/user3/azzzzzz_180825/aaaaz_180825.az
[18.08.2025 16:08:15] Удален файл: /home/user3/azzzzzz_180825/aazzzz_180825.az
[18.08.2025 16:08:15] Удален файл: /home/user3/azzzzzz_180825/azzzzz_180825.az
[18.08.2025 16:08:15] Удален файл: /home/user3/aazzzz_180825/azzzz_180825.az
[18.08.2025 16:08:15] Удален файл: /home/user3/aazzzz_180825/aaaazz_180825.az
[18.08.2025 16:08:15] Удален файл: /home/user3/aazzzz_180825/aazzz_180825.az
[18.08.2025 16:08:15] Удален файл: /home/user3/aazzzz_180825/aaazz_180825.az
[18.08.2025 16:08:15] Удален файл: /home/user3/aazzzz_180825/aaaaaaz_180825.az
[18.08.2025 16:08:15] Удален файл: /home/user3/aazzzz_180825/aaaaz_180825.az
[18.08.2025 16:08:15] Удален файл: /home/user3/aazzzz_180825/aaazzzz_180825.az
[18.08.2025 16:08:15] Удален файл: /home/user3/aazzzzz_180825/aaaaaz_180825.az
[18.08.2025 16:08:15] Удален файл: /home/user3/aazzzzz_180825/azzzz_180825.az
[18.08.2025 16:08:15] Удален файл: /home/user3/aazzzzz_180825/aaaazz_180825.az
[18.08.2025 16:08:15] Удален файл: /home/user3/aazzzzz_180825/aazzzzz_180825.az
[18.08.2025 16:08:15] Удален файл: /home/user3/aazzzzz_180825/aazzz_180825.az
[18.08.2025 16:08:15] Удален файл: /home/user3/aazzzzz_180825/aaazz_180825.az
[18.08.2025 16:08:15] Удален файл: /home/user3/aazzzzz_180825/aaaaaaz_180825.az
[18.08.2025 16:08:15] Удален файл: /home/user3/aazzzzz_180825/aaaaz_180825.az
[18.08.2025 16:08:15] Удален файл: /home/user3/aazzzzz_180825/aaaazzz_180825.az
[18.08.2025 16:08:15] Удален файл: /home/user3/aazzzzz_180825/aaaaazz_180825.az
[18.08.2025 16:08:15] Удален файл: /home/user3/aazzzzz_180825/aaazzzz_180825.az
[18.08.2025 16:08:15] Удален файл: /home/user3/aazzzzz_180825/aazzzz_180825.az
[18.08.2025 16:08:15] Удален файл: /home/user3/azzzzz_180825/azzzz_180825.az
[18.08.2025 16:08:15] Удален файл: /home/user3/azzzzz_180825/aaazzz_180825.az
[18.08.2025 16:08:15] Удален файл: /home/user3/azzzzz_180825/aazzzzz_180825.az
[18.08.2025 16:08:15] Удален файл: /home/user3/azzzzz_180825/aazzz_180825.az
[18.08.2025 16:08:15] Удален файл: /home/user3/azzzzz_180825/aaazz_180825.az
[18.08.2025 16:08:15] Удален файл: /home/user3/azzzzz_180825/aaaaaaz_180825.az
[18.08.2025 16:08:15] Удален файл: /home/user3/azzzzz_180825/aaaaz_180825.az
[18.08.2025 16:08:15] Удален файл: /home/user3/azzzzz_180825/aaazzzz_180825.az
[18.08.2025 16:08:15] Удален файл: /home/user3/azzzzz_180825/azzzzz_180825.az
[18.08.2025 16:08:15] Удален файл: /home/user3/aaaaaaz_180825/aaaaaz_180825.az
[18.08.2025 16:08:15] Удален файл: /home/user3/aaaaaaz_180825/aazzzzz_180825.az
[18.08.2025 16:08:15] Удален файл: /home/user3/aaaaaaz_180825/aaazz_180825.az
[18.08.2025 16:08:15] Удален файл: /home/user3/aaaaaaz_180825/aaaaz_180825.az
[18.08.2025 16:08:15] Удален файл: /home/user3/aaaaaaz_180825/aaaaazz_180825.az
[18.08.2025 16:08:15] Удален файл: /home/user3/aaaaaaz_180825/aaazzzz_180825.az
[18.08.2025 16:08:15] Удален файл: /home/user3/aaaaaaz_180825/azzzzz_180825.az
[18.08.2025 16:08:15] Удален файл: /home/user3/aazzz_180825/aaaaaz_180825.az
[18.08.2025 16:08:15] Удален файл: /home/user3/aazzz_180825/azzzz_180825.az
[18.08.2025 16:08:15] Удален файл: /home/user3/aazzz_180825/aaazzz_180825.az
[18.08.2025 16:08:15] Удален файл: /home/user3/aazzz_180825/aaaazz_180825.az
[18.08.2025 16:08:15] Удален файл: /home/user3/aazzz_180825/aazzzzz_180825.az
[18.08.2025 16:08:15] Удален файл: /home/user3/aazzz_180825/aaazz_180825.az
[18.08.2025 16:08:15] Удален файл: /home/user3/aazzz_180825/aaaaaaz_180825.az
[18.08.2025 16:08:15] Удален файл: /home/user3/aazzz_180825/aaaaz_180825.az
[18.08.2025 16:08:15] Удален файл: /home/user3/aazzz_180825/aaaazzz_180825.az
[18.08.2025 16:08:15] Удален файл: /home/user3/aazzz_180825/aaaaazz_180825.az
[18.08.2025 16:08:15] Удален файл: /home/user3/aazzz_180825/aaazzzz_180825.az
[18.08.2025 16:08:15] Удален файл: /home/user3/aazzz_180825/azzzzz_180825.az
[18.08.2025 16:08:15] Удален файл: /home/user3/aaaaz_180825/aaaaaz_180825.az
[18.08.2025 16:08:15] Удален файл: /home/user3/aaaaz_180825/azzzz_180825.az
[18.08.2025 16:08:15] Удален файл: /home/user3/aaaaz_180825/aaazzz_180825.az
[18.08.2025 16:08:15] Удален файл: /home/user3/aaaaz_180825/aaaazz_180825.az
[18.08.2025 16:08:15] Удален файл: /home/user3/aaaaz_180825/aazzzzz_180825.az
[18.08.2025 16:08:15] Удален файл: /home/user3/aaaaz_180825/aazzz_180825.az
[18.08.2025 16:08:15] Удален файл: /home/user3/aaaaz_180825/aaazz_180825.az
[18.08.2025 16:08:15] Удален файл: /home/user3/aaaaz_180825/azzzzzz_180825.az
[18.08.2025 16:08:15] Удален файл: /home/user3/aaaaz_180825/aaaaz_180825.az
[18.08.2025 16:08:15] Удален файл: /home/user3/aaaaz_180825/aaaazzz_180825.az
[18.08.2025 16:08:15] Удален файл: /home/user3/aaaaz_180825/aaaaazz_180825.az
[18.08.2025 16:08:15] Удален файл: /home/user3/aaaaz_180825/aaazzzz_180825.az
[18.08.2025 16:08:15] Удален файл: /home/user3/aaaaz_180825/aazzzz_180825.az
[18.08.2025 16:08:15] Удален файл: /home/user3/aaaaz_180825/azzzzz_180825.az
[18.08.2025 16:08:15] Удалена папка: /home/user3/aaazz_180825
[18.08.2025 16:08:15] Удалена папка: /home/user3/aaaaaz_180825
[18.08.2025 16:08:15] Удалена папка: /home/user3/aaaazzz_180825
[18.08.2025 16:08:15] Удалена папка: /home/user3/aaazzz_180825
[18.08.2025 16:08:15] Удалена папка: /home/user3/aaaaazz_180825
[18.08.2025 16:08:15] Удалена папка: /home/user3/aaaazz_180825
[18.08.2025 16:08:15] Удалена папка: /home/user3/aaazzzz_180825
[18.08.2025 16:08:15] Удалена папка: /home/user3/azzzz_180825
[18.08.2025 16:08:15] Удалена папка: /home/user3/azzzzzz_180825
[18.08.2025 16:08:15] Удалена папка: /home/user3/aazzzz_180825
[18.08.2025 16:08:15] Удалена папка: /home/user3/aazzzzz_180825
[18.08.2025 16:08:15] Удалена папка: /home/user3/azzzzz_180825
[18.08.2025 16:08:15] Удалена папка: /home/user3/aaaaaaz_180825
[18.08.2025 16:08:15] Удалена папка: /home/user3/aazzz_180825
[18.08.2025 16:08:15] Удалена папка: /home/user3/aaaaz_180825
[18.08.2025 16:08:15] Итог: удалено 173 объектов
[18.08.2025 16:08:15] Очистка завершена
